<?xml version="1.0" encoding="UTF-8"?>
<testsuite name="com.example.AppTest" tests="1" skipped="0" failures="0" errors="0" timestamp="2025-04-02T19:00:21" hostname="shashank-m-VirtualBox" time="0.032">
  <properties/>
  <testcase name="testApp" classname="com.example.AppTest" time="0.032"/>
  <system-out><![CDATA[]]></system-out>
  <system-err><![CDATA[]]></system-err>
</testsuite>
